-13.125000 13.125000 1.876494 3 17 0 -15.000000 11.250000 -11.250000 15.000000 
-13.125000 9.375000 1.876494 3 186 0 -15.000000 7.500000 -11.250000 11.250000 
-11.250000 11.250000 3.752987 2 1 0 -15.000000 7.500000 -7.500000 15.000000 
-7.500000 7.500000 7.505975 1 11 0 -15.000000 0.000000 0.000000 15.000000 
-7.500000 -7.500000 7.505975 1 97 0 -15.000000 -15.000000 0.000000 0.000000 
-11.250000 -11.250000 3.752987 2 0 1 -15.000000 -15.000000 -7.500000 -7.500000 
-3.750000 -11.250000 3.752987 2 0 1 -7.500000 -15.000000 0.000000 -7.500000 
-5.625000 -13.125000 1.876494 3 230 1 -7.500000 -15.000000 -3.750000 -11.250000 
-1.875000 -13.125000 1.876494 3 80 1 -3.750000 -15.000000 0.000000 -11.250000 
-1.875000 -9.375000 1.876494 3 0 1 -3.750000 -11.250000 0.000000 -7.500000 
-1.875000 -5.625000 1.876494 3 0 0 -3.750000 -7.500000 0.000000 -3.750000 
-5.625000 -5.625000 1.876494 3 0 0 -7.500000 -7.500000 -3.750000 -3.750000 
-5.625000 -1.875000 1.876494 3 112 0 -7.500000 -3.750000 -3.750000 0.000000 
-1.875000 -1.875000 1.876494 3 109 0 -3.750000 -3.750000 0.000000 0.000000 
1.875000 -1.875000 1.876494 3 0 0 0.000000 -3.750000 3.750000 0.000000 
5.625000 -1.875000 1.876494 3 0 0 3.750000 -3.750000 7.500000 0.000000 
5.625000 -5.625000 1.876494 3 0 0 3.750000 -7.500000 7.500000 -3.750000 
1.875000 -5.625000 1.876494 3 248 0 0.000000 -7.500000 3.750000 -3.750000 
1.875000 -9.375000 1.876494 3 112 0 0.000000 -11.250000 3.750000 -7.500000 
1.875000 -13.125000 1.876494 3 48 0 0.000000 -15.000000 3.750000 -11.250000 
5.625000 -13.125000 1.876494 3 48 0 3.750000 -15.000000 7.500000 -11.250000 
5.625000 -9.375000 1.876494 3 100 0 3.750000 -11.250000 7.500000 -7.500000 
9.375000 -9.375000 1.876494 3 117 0 7.500000 -11.250000 11.250000 -7.500000 
9.375000 -13.125000 1.876494 3 0 0 7.500000 -15.000000 11.250000 -11.250000 
13.125000 -13.125000 1.876494 3 117 0 11.250000 -15.000000 15.000000 -11.250000 
13.125000 -9.375000 1.876494 3 0 0 11.250000 -11.250000 15.000000 -7.500000 
13.125000 -5.625000 1.876494 3 131 0 11.250000 -7.500000 15.000000 -3.750000 
9.375000 -5.625000 1.876494 3 132 0 7.500000 -7.500000 11.250000 -3.750000 
9.375000 -1.875000 1.876494 3 0 0 7.500000 -3.750000 11.250000 0.000000 
13.125000 -1.875000 1.876494 3 196 0 11.250000 -3.750000 15.000000 0.000000 
13.125000 1.875000 1.876494 3 0 0 11.250000 0.000000 15.000000 3.750000 
13.125000 5.625000 1.876494 3 0 0 11.250000 3.750000 15.000000 7.500000 
11.250000 3.750000 3.752987 2 97 0 7.500000 0.000000 15.000000 7.500000 
9.375000 1.875000 1.876494 3 196 1 7.500000 0.000000 11.250000 3.750000 
5.625000 1.875000 1.876494 3 88 0 3.750000 0.000000 7.500000 3.750000 
1.875000 1.875000 1.876494 3 173 0 0.000000 0.000000 3.750000 3.750000 
1.875000 5.625000 1.876494 3 0 0 0.000000 3.750000 3.750000 7.500000 
3.750000 3.750000 3.752987 2 248 0 0.000000 0.000000 7.500000 7.500000 
3.750000 11.250000 3.752987 2 0 0 0.000000 7.500000 7.500000 15.000000 
7.500000 7.500000 7.505975 1 0 0 0.000000 0.000000 15.000000 15.000000 
